<?xml version="1.0" encoding="UTF-8"?>
<testsuite name="com.example.project.TestWordPair" tests="2" skipped="0" failures="0" errors="0" timestamp="2025-02-11T14:13:43" hostname="codespaces-87077f" time="0.017">
  <properties/>
  <testcase name="testPARTA()" classname="com.example.project.TestWordPair" time="0.015"/>
  <testcase name="testPARTB()" classname="com.example.project.TestWordPair" time="0.001"/>
  <system-out><![CDATA[]]></system-out>
  <system-err><![CDATA[]]></system-err>
</testsuite>
